Build started 1/12/2015 1:04:23 AM.
     1>Project "C:\Users\vladimirsan\Desktop\parser\compiladores.vcxproj" on node 2 (Build target(s)).
     1>ClCompile:
         C:\Program Files (x86)\Microsoft Visual Studio 11.0\VC\bin\CL.exe /c /ZI /nologo /W3 /WX- /Od /Oy- /D WIN32 /D _DEBUG /D _CONSOLE /D _UNICODE /D UNICODE /Gm /EHsc /RTC1 /MDd /GS /fp:precise /Zc:wchar_t /Zc:forScope /Fo"Debug\\" /Fd"Debug\vc110.pdb" /Gd /TP /analyze- /errorReport:prompt compilador.cpp lexicoGrafico\Globales.cpp lexicoGrafico\LectorArchivos.cpp lexicoGrafico\Lexico.cpp lexicoGrafico\Tokenizador.cpp sintactico\NotificadorError.cpp sintactico\Parser.cpp sintactico\Simbolo.cpp sintactico\TablaDeSimbolos.cpp
         TablaDeSimbolos.cpp
     1>c:\users\vladimirsan\desktop\parser\sintactico\tabladesimbolos.cpp(32): warning C4018: '<' : signed/unsigned mismatch
     1>c:\users\vladimirsan\desktop\parser\sintactico\tabladesimbolos.cpp(43): warning C4996: 'strcpy': This function or variable may be unsafe. Consider using strcpy_s instead. To disable deprecation, use _CRT_SECURE_NO_WARNINGS. See online help for details.
                 c:\program files (x86)\microsoft visual studio 11.0\vc\include\string.h(110) : see declaration of 'strcpy'
     1>c:\users\vladimirsan\desktop\parser\sintactico\tabladesimbolos.cpp(46): warning C4018: '>=' : signed/unsigned mismatch
     1>c:\users\vladimirsan\desktop\parser\sintactico\tabladesimbolos.cpp(67): warning C4996: 'strcpy': This function or variable may be unsafe. Consider using strcpy_s instead. To disable deprecation, use _CRT_SECURE_NO_WARNINGS. See online help for details.
                 c:\program files (x86)\microsoft visual studio 11.0\vc\include\string.h(110) : see declaration of 'strcpy'
         Simbolo.cpp
         Parser.cpp
         NotificadorError.cpp
         Tokenizador.cpp
     1>c:\users\vladimirsan\desktop\parser\lexicografico\tokenizador.cpp(77): warning C4996: 'strcpy': This function or variable may be unsafe. Consider using strcpy_s instead. To disable deprecation, use _CRT_SECURE_NO_WARNINGS. See online help for details.
                 c:\program files (x86)\microsoft visual studio 11.0\vc\include\string.h(110) : see declaration of 'strcpy'
         Lexico.cpp
         LectorArchivos.cpp
     1>c:\users\vladimirsan\desktop\parser\lexicografico\lectorarchivos.cpp(16): warning C4996: 'fopen': This function or variable may be unsafe. Consider using fopen_s instead. To disable deprecation, use _CRT_SECURE_NO_WARNINGS. See online help for details.
                 c:\program files (x86)\microsoft visual studio 11.0\vc\include\stdio.h(218) : see declaration of 'fopen'
         Globales.cpp
         compilador.cpp
         Generating Code...
       Link:
         C:\Program Files (x86)\Microsoft Visual Studio 11.0\VC\bin\link.exe /ERRORREPORT:PROMPT /OUT:"C:\Users\vladimirsan\Desktop\parser\Debug\compiladores.exe" /INCREMENTAL /NOLOGO kernel32.lib user32.lib gdi32.lib winspool.lib comdlg32.lib advapi32.lib shell32.lib ole32.lib oleaut32.lib uuid.lib odbc32.lib odbccp32.lib /MANIFEST /MANIFESTUAC:"level='asInvoker' uiAccess='false'" /manifest:embed /DEBUG /PDB:"C:\Users\vladimirsan\Desktop\parser\Debug\compiladores.pdb" /SUBSYSTEM:CONSOLE /TLBID:1 /DYNAMICBASE /NXCOMPAT /IMPLIB:"C:\Users\vladimirsan\Desktop\parser\Debug\compiladores.lib" /MACHINE:X86 Debug\compilador.obj
         Debug\Globales.obj
         Debug\LectorArchivos.obj
         Debug\Lexico.obj
         Debug\Tokenizador.obj
         Debug\NotificadorError.obj
         Debug\Parser.obj
         Debug\Simbolo.obj
         Debug\TablaDeSimbolos.obj
         compiladores.vcxproj -> C:\Users\vladimirsan\Desktop\parser\Debug\compiladores.exe
     1>Done Building Project "C:\Users\vladimirsan\Desktop\parser\compiladores.vcxproj" (Build target(s)).

Build succeeded.

Time Elapsed 00:00:04.18
